SF:/Users/tettuan/github/breakdownlogger/mod.ts
FNF:0
FNH:0
BRF:0
BRH:0
DA:87,10
DA:135,10
DA:187,10
LH:3
LF:3
end_of_record
SF:/Users/tettuan/github/breakdownlogger/src/environment_config.ts
FN:25,<instance_members_initializer>
FN:29,EnvironmentConfig
FN:40,getLogLevel
FN:49,getLogLength
FN:58,getLogKeys
FN:71,parseLogLevel
FN:96,parseLogLength
FN:120,parseLogKeys
FNDA:2137,<instance_members_initializer>
FNDA:2137,EnvironmentConfig
FNDA:4367,getLogLevel
FNDA:4327,getLogLength
FNDA:4335,getLogKeys
FNDA:2137,parseLogLevel
FNDA:2137,parseLogLength
FNDA:2137,parseLogKeys
FNF:8
FNH:8
BRDA:72,6,0,1054
BRDA:74,6,1,22
BRDA:76,6,2,12
BRDA:78,6,3,5
BRDA:80,6,4,1007
BRDA:82,6,5,1091
BRDA:97,7,0,1079
BRDA:99,7,1,11
BRDA:101,7,2,10
BRDA:103,7,3,1050
BRDA:105,7,4,1066
BRDA:122,8,0,2126
BRDA:122,8,1,2100
BRDA:122,8,2,37
BRF:14
BRH:14
DA:11,11
DA:24,11
DA:25,11
DA:26,2148
DA:27,11
DA:29,11
DA:30,2148
DA:31,2148
DA:32,2148
DA:33,2148
DA:40,11
DA:41,4378
DA:42,4378
DA:49,11
DA:50,4338
DA:51,4338
DA:58,11
DA:59,4346
DA:60,4346
DA:71,11
DA:72,2148
DA:73,2148
DA:74,2148
DA:75,2170
DA:76,2148
DA:77,2160
DA:78,2148
DA:79,2153
DA:80,2148
DA:81,3155
DA:82,2148
DA:83,3239
DA:84,2148
DA:85,2148
DA:96,11
DA:97,2148
DA:98,2148
DA:99,2148
DA:100,2159
DA:101,2148
DA:102,2158
DA:103,2148
DA:104,3198
DA:105,2148
DA:106,3214
DA:107,2148
DA:108,2148
DA:120,11
DA:121,2148
DA:122,2148
DA:125,4311
DA:126,4311
DA:127,2148
DA:128,11
LH:54
LF:54
end_of_record
SF:/Users/tettuan/github/breakdownlogger/src/log_filter.ts
FN:23,<instance_members_initializer>
FN:25,LogFilter
FN:36,shouldLog
FN:53,shouldOutputKey
FN:73,checkTestEnvironment
FNDA:2084,<instance_members_initializer>
FNDA:2084,LogFilter
FNDA:4329,shouldLog
FNDA:4298,shouldOutputKey
FNDA:2084,checkTestEnvironment
FNF:5
FNH:5
BRDA:38,3,0,0
BRDA:55,4,0,4250
BRDA:57,4,1,48
BRDA:77,5,0,0
BRDA:80,5,1,7
BRDA:81,5,2,7
BRDA:82,5,3,7
BRDA:83,5,4,7
BRDA:84,5,5,7
BRDA:85,5,6,0
BRDA:89,5,7,0
BRDA:90,5,8,0
BRDA:91,5,9,0
BRDA:92,5,10,0
BRDA:93,5,11,0
BRDA:94,5,12,0
BRDA:95,5,13,0
BRDA:96,5,14,0
BRDA:102,5,15,0
BRDA:102,5,16,0
BRF:20
BRH:7
DA:22,11
DA:23,11
DA:25,11
DA:26,2095
DA:27,2095
DA:36,11
DA:38,0
DA:39,0
DA:40,0
DA:43,4340
DA:44,4340
DA:53,11
DA:55,4309
DA:56,8559
DA:57,8559
DA:60,4357
DA:61,4309
DA:73,11
DA:76,2095
DA:77,0
DA:80,2095
DA:81,2095
DA:82,2095
DA:83,2095
DA:84,2095
DA:85,0
DA:86,0
DA:89,0
DA:90,0
DA:91,0
DA:92,0
DA:93,0
DA:94,0
DA:95,0
DA:96,0
DA:97,0
DA:100,2095
DA:102,0
DA:103,2095
DA:104,11
LH:24
LF:40
end_of_record
SF:/Users/tettuan/github/breakdownlogger/src/log_formatter.ts
FN:35,formatLogEntry
FN:62,truncateMessage
FN:84,formatData
FN:110,getMaxLength
FNDA:4302,formatLogEntry
FNDA:4302,truncateMessage
FNDA:3246,formatData
FNDA:4293,getMaxLength
FNF:4
FNH:4
BRDA:42,1,0,3246
BRDA:63,2,0,4130
BRDA:63,2,1,224
BRDA:63,2,2,217
BRDA:63,2,3,172
BRDA:65,2,4,141
BRDA:67,2,5,31
BRDA:86,3,0,2
BRDA:86,3,1,3244
BRDA:87,3,2,0
BRDA:87,3,3,3244
BRDA:89,3,4,3230
BRDA:91,3,5,138
BRDA:91,3,6,14
BRDA:94,3,7,3
BRDA:112,4,0,50
BRDA:114,4,1,111
BRDA:116,4,2,12
BRDA:118,4,3,4120
BRDA:120,4,4,0
BRF:20
BRH:18
DA:11,11
DA:23,11
DA:35,11
DA:36,4313
DA:37,4313
DA:38,4313
DA:40,4313
DA:42,4313
DA:43,7559
DA:44,7559
DA:45,7559
DA:47,4313
DA:48,4313
DA:62,11
DA:63,4313
DA:65,4754
DA:66,4895
DA:67,4895
DA:70,4568
DA:71,4313
DA:84,11
DA:85,3257
DA:86,3257
DA:87,0
DA:89,3257
DA:90,6487
DA:91,6487
DA:93,3409
DA:94,3395
DA:96,3398
DA:97,3398
DA:98,3257
DA:110,11
DA:111,4304
DA:112,4304
DA:113,4354
DA:114,4304
DA:115,4415
DA:116,4304
DA:117,4316
DA:118,4304
DA:119,8424
DA:120,0
DA:121,0
DA:122,4304
DA:123,4304
DA:124,11
LH:44
LF:47
end_of_record
SF:/Users/tettuan/github/breakdownlogger/src/logger.ts
FN:47,<instance_members_initializer>
FN:64,BreakdownLogger
FN:79,log
FN:116,debug
FN:126,info
FN:136,warn
FN:147,error
FNDA:2080,<instance_members_initializer>
FNDA:2080,BreakdownLogger
FNDA:4323,log
FNDA:137,debug
FNDA:4073,info
FNDA:27,warn
FNDA:86,error
FNF:7
FNH:7
BRDA:82,3,0,30
BRDA:84,3,1,4293
BRDA:87,3,2,4
BRDA:89,3,3,4289
BRDA:103,3,4,86
BRDA:105,3,5,4203
BRF:6
BRH:6
DA:21,10
DA:22,10
DA:23,10
DA:24,10
DA:45,10
DA:47,10
DA:50,2090
DA:53,2090
DA:56,10
DA:64,10
DA:65,2090
DA:66,2090
DA:67,2090
DA:68,2090
DA:69,2090
DA:79,10
DA:80,4333
DA:82,4333
DA:83,4363
DA:84,4363
DA:86,8626
DA:87,4333
DA:88,4337
DA:89,4337
DA:91,8622
DA:92,8622
DA:93,8622
DA:94,8622
DA:95,8622
DA:96,8622
DA:97,8622
DA:99,8622
DA:100,8622
DA:101,8622
DA:103,4333
DA:104,4419
DA:105,4333
DA:106,8536
DA:107,8536
DA:108,4333
DA:116,10
DA:117,147
DA:118,147
DA:126,10
DA:127,4083
DA:128,4083
DA:136,10
DA:137,37
DA:138,37
DA:147,10
DA:148,96
DA:149,96
DA:150,10
LH:53
LF:53
end_of_record
SF:/Users/tettuan/github/breakdownlogger/src/types.ts
FNF:0
FNH:0
BRF:0
BRH:0
DA:17,39
DA:54,39
LH:2
LF:2
end_of_record
